<?xml version="1.0" encoding="UTF-8"?>
<!-- Generated by org.testng.reporters.JUnitReportReporter -->
<testsuite hostname="RGCWP16JWC" failures="0" tests="10" name="TestNG" time="0.013" errors="0" timestamp="2024-11-24T21:32:53 WIB" skipped="0">
  <testcase classname="TestNG" name="scenarioTestParams" time="0.003"/>
  <system-out/>
  <testcase classname="TestNG" name="scenarioTestGroup1" time="0.001"/>
  <system-out/>
  <testcase classname="TestNG" name="scenarioTest2" time="0.001"/>
  <system-out/>
  <testcase classname="TestNG" name="scenarioTestDataProvider" time="0.004"/>
  <system-out/>
  <testcase classname="TestNG" name="scenarioTestDataProvider" time="0.001"/>
  <system-out/>
  <testcase classname="TestNG" name="scenarioTestGroup2" time="0.001"/>
  <system-out/>
  <testcase classname="TestNG" name="dependScenarioTest" time="0.001"/>
  <system-out/>
  <testcase classname="TestNG" name="test" time="0.001"/>
  <system-out/>
  <testcase classname="TestNG" name="dependMethod" time="0.000"/>
  <system-out/>
  <testcase classname="TestNG" name="scenarioTest1" time="0.000"/>
  <system-out/>
</testsuite> <!-- TestNG -->
