<?xml version="1.0" encoding="UTF-8"?>
<!-- Generated by org.testng.reporters.JUnitReportReporter -->
<testsuite hostname="RGCWP16JWC" failures="0" tests="5" name="scenario.RestAssuredTest" time="1.424" errors="0" timestamp="2024-11-26T20:56:20 WIB" skipped="0">
  <testcase classname="scenario.RestAssuredTest" name="GetAllObjects" time="0.187"/>
  <system-out/>
  <testcase classname="scenario.RestAssuredTest" name="AddObject" time="0.632"/>
  <system-out/>
  <testcase classname="scenario.RestAssuredTest" name="UpdateObject" time="0.173"/>
  <system-out/>
  <testcase classname="scenario.RestAssuredTest" name="DeleteDataObject" time="0.231"/>
  <system-out/>
  <testcase classname="scenario.RestAssuredTest" name="GetAllObjectsByIds" time="0.201"/>
  <system-out/>
</testsuite> <!-- scenario.RestAssuredTest -->
